<?xml version="1.0" encoding="UTF-8"?>
<!-- Generated by org.testng.reporters.JUnitReportReporter -->
<testsuite hostname="LAPTOP-0RSSJQAE" failures="0" tests="2" name="com.simplilearn.FacebookTest" time="6.611" errors="0" timestamp="2022-03-20T10:35:32 IST" skipped="0">
  <testcase classname="com.simplilearn.FacebookTest" name="launchFB" time="2.443"/>
  <system-out/>
  <testcase classname="com.simplilearn.FacebookTest" name="titleTest" time="4.168"/>
  <system-out/>
</testsuite> <!-- com.simplilearn.FacebookTest -->
