<?xml version="1.0" encoding="UTF-8"?>
<!-- Generated by org.testng.reporters.JUnitReportReporter -->
<testsuite hostname="LAPTOP-0RSSJQAE" failures="0" tests="1" name="com.lesson2.training.LoginAutomation" time="7.709" errors="0" timestamp="2022-03-25T22:35:36 IST" skipped="0">
  <testcase classname="com.lesson2.training.LoginAutomation" name="login" time="7.709"/>
  <system-out/>
</testsuite> <!-- com.lesson2.training.LoginAutomation -->
