<?xml version="1.0" encoding="UTF-8"?>
<!-- Generated by org.testng.reporters.JUnitReportReporter -->
<testsuite hostname="LAPTOP-0RSSJQAE" failures="0" tests="2" name="com.simplilearn.test.FirstTest" time="0.021" errors="0" timestamp="2022-03-17T11:21:38 IST" skipped="0">
  <testcase classname="com.simplilearn.test.FirstTest" name="testone" time="0.002"/>
  <system-out/>
  <testcase classname="com.simplilearn.test.FirstTest" name="testTwo" time="0.019"/>
  <system-out/>
</testsuite> <!-- com.simplilearn.test.FirstTest -->
