<?xml version="1.0" encoding="UTF-8"?>
<!-- Generated by org.testng.reporters.JUnitReportReporter -->
<testsuite hostname="LAPTOP-0RSSJQAE" failures="0" tests="2" name="com.simplilearn.test.FacebookTest" time="1.754" errors="0" timestamp="2022-03-17T11:57:53 IST" skipped="0">
  <testcase classname="com.simplilearn.test.FacebookTest" name="login" time="0.379"/>
  <system-out/>
  <testcase classname="com.simplilearn.test.FacebookTest" name="launchFacebook" time="1.375"/>
  <system-out/>
</testsuite> <!-- com.simplilearn.test.FacebookTest -->
